"24_PC1024:Measurement"
"24_PC1024:InternalSetpoint"
"24_PC1024:ControllerOutput"
"24_FC1005:Measurement"
"24_FC1005:InternalSetpoint"
"24_FC1005:ControllerOutput"
"24_FC1019:Measurement"
"24_FC1019:InternalSetpoint"
"24_FC1019:ControllerOutput"
"24_LC1016:Measurement"
"24_LC1016:InternalSetpoint"
"24_LC1016:ControllerOutput"
"24_LC1015:Measurement"
"24_LC1015:InternalSetpoint"
"24_LC1015:ControllerOutput"
"24_FC1015:Measurement"
"24_FC1015:InternalSetpoint"
"24_FC1015:ControllerOutput"
"24_LC1028:Measurement"
"24_LC1028:InternalSetpoint"
"24_LC1028:ControllerOutput"
"24_TC1015:Measurement"
"24_TC1015:InternalSetpoint"
"24_TC1015:ControllerOutput"
"24_TC1088:Measurement"
"24_TC1088:InternalSetpoint"
"24_TC1088:ControllerOutput"
